<?xml version="1.0" encoding="UTF-8"?>
<robot generator="Robot 3.2.1 (Python 3.8.16 on linux)" generated="20230501 07:29:59.345" rpa="false">
<suite id="s1" name="Test-script-To-Do-List" source="/workspace/Test-script-To-Do-List.robot">
<test id="s1-t1" name="001:Open_web_and_verify_home_page">
<kw name="Open Browser Chrome :" library="Common_Keywords">
<arguments>
<arg>${URL_TDL_Test}</arg>
</arguments>
<kw name="Evaluate" library="BuiltIn">
<doc>Evaluates the given expression in Python and returns the result.</doc>
<arguments>
<arg>sys.modules['selenium.webdriver'].ChromeOptions()</arg>
<arg>sys</arg>
</arguments>
<assign>
<var>${chrome_options}</var>
</assign>
<msg timestamp="20230501 07:29:59.946" level="INFO">${chrome_options} = &lt;selenium.webdriver.chrome.options.Options object at 0x7f1060003d30&gt;</msg>
<status status="PASS" starttime="20230501 07:29:59.945" endtime="20230501 07:29:59.946"></status>
</kw>
<kw name="Call Method" library="BuiltIn">
<doc>Calls the named method of the given object with the provided arguments.</doc>
<arguments>
<arg>${chrome_options}</arg>
<arg>add_argument</arg>
<arg>--disable-dev-shm-usage</arg>
</arguments>
<status status="PASS" starttime="20230501 07:29:59.946" endtime="20230501 07:29:59.947"></status>
</kw>
<kw name="Call Method" library="BuiltIn">
<doc>Calls the named method of the given object with the provided arguments.</doc>
<arguments>
<arg>${chrome_options}</arg>
<arg>add_argument</arg>
<arg>--no-sandbox</arg>
</arguments>
<status status="PASS" starttime="20230501 07:29:59.947" endtime="20230501 07:29:59.951"></status>
</kw>
<kw name="Call Method" library="BuiltIn">
<doc>Calls the named method of the given object with the provided arguments.</doc>
<arguments>
<arg>${chrome_options}</arg>
<arg>add_argument</arg>
<arg>--headless</arg>
</arguments>
<status status="PASS" starttime="20230501 07:29:59.951" endtime="20230501 07:29:59.952"></status>
</kw>
<kw name="Create Webdriver" library="Selenium2Library">
<doc>Creates an instance of Selenium WebDriver.</doc>
<arguments>
<arg>driver_name=Chrome</arg>
<arg>alias=google</arg>
<arg>chrome_options=${chrome_options}</arg>
<arg>executable_path=/usr/local/bin/chromedriver</arg>
</arguments>
<msg timestamp="20230501 07:29:59.954" level="INFO">Creating an instance of the Chrome WebDriver.</msg>
<status status="PASS" starttime="20230501 07:29:59.952" endtime="20230501 07:30:01.303"></status>
</kw>
<kw name="Create Webdriver" library="Selenium2Library">
<doc>Creates an instance of Selenium WebDriver.</doc>
<arguments>
<arg>Chrome</arg>
<arg>chrome_options=${chrome_options}</arg>
</arguments>
<msg timestamp="20230501 07:30:01.304" level="INFO">Creating an instance of the Chrome WebDriver.</msg>
<status status="PASS" starttime="20230501 07:30:01.303" endtime="20230501 07:30:02.852"></status>
</kw>
<kw name="Go To" library="Selenium2Library">
<doc>Navigates the current browser window to the provided ``url``.</doc>
<arguments>
<arg>${_url}</arg>
</arguments>
<msg timestamp="20230501 07:30:02.855" level="INFO">Opening url 'https://abhigyank.github.io/To-Do-List/'</msg>
<status status="PASS" starttime="20230501 07:30:02.853" endtime="20230501 07:30:04.372"></status>
</kw>
<kw name="Maximize Browser Window" library="Selenium2Library">
<doc>Maximizes current browser window.</doc>
<status status="PASS" starttime="20230501 07:30:04.372" endtime="20230501 07:30:04.482"></status>
</kw>
<status status="PASS" starttime="20230501 07:29:59.943" endtime="20230501 07:30:04.483"></status>
</kw>
<kw name="Verify Element and Should Be Visible :" library="Common_Keywords">
<arguments>
<arg>${To_Do_List}</arg>
</arguments>
<kw name="Wait Until Element Is Visible" library="Selenium2Library">
<doc>Waits until the element ``locator`` is visible.</doc>
<arguments>
<arg>${locator}</arg>
<arg>20s</arg>
</arguments>
<status status="PASS" starttime="20230501 07:30:04.485" endtime="20230501 07:30:04.562"></status>
</kw>
<kw name="Element Should Be Visible" library="Selenium2Library">
<doc>Verifies that the element identified by ``locator`` is visible.</doc>
<arguments>
<arg>${locator}</arg>
</arguments>
<msg timestamp="20230501 07:30:04.621" level="INFO">Element '//h1[contains(.,'To Do List')]' is displayed.</msg>
<status status="PASS" starttime="20230501 07:30:04.563" endtime="20230501 07:30:04.621"></status>
</kw>
<kw name="Page Should Contain Element" library="Selenium2Library">
<doc>Verifies that element ``locator`` is found on the current page.</doc>
<arguments>
<arg>${locator}</arg>
</arguments>
<msg timestamp="20230501 07:30:04.638" level="INFO">Current page contains element '//h1[contains(.,'To Do List')]'.</msg>
<status status="PASS" starttime="20230501 07:30:04.622" endtime="20230501 07:30:04.638"></status>
</kw>
<status status="PASS" starttime="20230501 07:30:04.483" endtime="20230501 07:30:04.639"></status>
</kw>
<kw name="Verify ListElement Should Be Visible :" library="Common_Keywords">
<arguments>
<arg>${list_menu}</arg>
</arguments>
<kw name="Get Length" library="BuiltIn">
<doc>Returns and logs the length of the given item as an integer.</doc>
<arguments>
<arg>${listdata}</arg>
</arguments>
<assign>
<var>${Length}</var>
</assign>
<msg timestamp="20230501 07:30:04.641" level="INFO">Length is 3</msg>
<msg timestamp="20230501 07:30:04.642" level="INFO">${Length} = 3</msg>
<status status="PASS" starttime="20230501 07:30:04.640" endtime="20230501 07:30:04.642"></status>
</kw>
<kw name="${i} IN RANGE [ ${Length} ]" type="for">
<kw name="${i} = 0" type="foritem">
<kw name="Log" library="BuiltIn">
<doc>Logs the given message with the given level.</doc>
<arguments>
<arg>${listdata[${i}]}</arg>
</arguments>
<msg timestamp="20230501 07:30:04.646" level="INFO">//a[contains(.,'Add Item')]</msg>
<status status="PASS" starttime="20230501 07:30:04.645" endtime="20230501 07:30:04.647"></status>
</kw>
<kw name="Wait Until Element Is Visible" library="Selenium2Library">
<doc>Waits until the element ``locator`` is visible.</doc>
<arguments>
<arg>${listdata[${i}]}</arg>
<arg>10s</arg>
</arguments>
<status status="PASS" starttime="20230501 07:30:04.647" endtime="20230501 07:30:04.701"></status>
</kw>
<kw name="Wait Until Page Contains Element" library="Selenium2Library">
<doc>Waits until the element ``locator`` appears on the current page.</doc>
<arguments>
<arg>${listdata[${i}]}</arg>
<arg>10s</arg>
</arguments>
<status status="PASS" starttime="20230501 07:30:04.702" endtime="20230501 07:30:04.719"></status>
</kw>
<status status="PASS" starttime="20230501 07:30:04.643" endtime="20230501 07:30:04.719"></status>
</kw>
<kw name="${i} = 1" type="foritem">
<kw name="Log" library="BuiltIn">
<doc>Logs the given message with the given level.</doc>
<arguments>
<arg>${listdata[${i}]}</arg>
</arguments>
<msg timestamp="20230501 07:30:04.721" level="INFO">//a[contains(.,'To-Do Tasks')]</msg>
<status status="PASS" starttime="20230501 07:30:04.720" endtime="20230501 07:30:04.721"></status>
</kw>
<kw name="Wait Until Element Is Visible" library="Selenium2Library">
<doc>Waits until the element ``locator`` is visible.</doc>
<arguments>
<arg>${listdata[${i}]}</arg>
<arg>10s</arg>
</arguments>
<status status="PASS" starttime="20230501 07:30:04.721" endtime="20230501 07:30:04.787"></status>
</kw>
<kw name="Wait Until Page Contains Element" library="Selenium2Library">
<doc>Waits until the element ``locator`` appears on the current page.</doc>
<arguments>
<arg>${listdata[${i}]}</arg>
<arg>10s</arg>
</arguments>
<status status="PASS" starttime="20230501 07:30:04.788" endtime="20230501 07:30:04.807"></status>
</kw>
<status status="PASS" starttime="20230501 07:30:04.719" endtime="20230501 07:30:04.807"></status>
</kw>
<kw name="${i} = 2" type="foritem">
<kw name="Log" library="BuiltIn">
<doc>Logs the given message with the given level.</doc>
<arguments>
<arg>${listdata[${i}]}</arg>
</arguments>
<msg timestamp="20230501 07:30:04.809" level="INFO">//a[contains(.,'Completed')]</msg>
<status status="PASS" starttime="20230501 07:30:04.808" endtime="20230501 07:30:04.809"></status>
</kw>
<kw name="Wait Until Element Is Visible" library="Selenium2Library">
<doc>Waits until the element ``locator`` is visible.</doc>
<arguments>
<arg>${listdata[${i}]}</arg>
<arg>10s</arg>
</arguments>
<status status="PASS" starttime="20230501 07:30:04.810" endtime="20230501 07:30:04.853"></status>
</kw>
<kw name="Wait Until Page Contains Element" library="Selenium2Library">
<doc>Waits until the element ``locator`` appears on the current page.</doc>
<arguments>
<arg>${listdata[${i}]}</arg>
<arg>10s</arg>
</arguments>
<status status="PASS" starttime="20230501 07:30:04.854" endtime="20230501 07:30:04.875"></status>
</kw>
<status status="PASS" starttime="20230501 07:30:04.808" endtime="20230501 07:30:04.875"></status>
</kw>
<status status="PASS" starttime="20230501 07:30:04.642" endtime="20230501 07:30:04.875"></status>
</kw>
<status status="PASS" starttime="20230501 07:30:04.639" endtime="20230501 07:30:04.875"></status>
</kw>
<kw name="Verify ListElement Should Be Visible :" library="Common_Keywords">
<arguments>
<arg>${list_function_Additem}</arg>
</arguments>
<kw name="Get Length" library="BuiltIn">
<doc>Returns and logs the length of the given item as an integer.</doc>
<arguments>
<arg>${listdata}</arg>
</arguments>
<assign>
<var>${Length}</var>
</assign>
<msg timestamp="20230501 07:30:04.878" level="INFO">Length is 2</msg>
<msg timestamp="20230501 07:30:04.878" level="INFO">${Length} = 2</msg>
<status status="PASS" starttime="20230501 07:30:04.877" endtime="20230501 07:30:04.878"></status>
</kw>
<kw name="${i} IN RANGE [ ${Length} ]" type="for">
<kw name="${i} = 0" type="foritem">
<kw name="Log" library="BuiltIn">
<doc>Logs the given message with the given level.</doc>
<arguments>
<arg>${listdata[${i}]}</arg>
</arguments>
<msg timestamp="20230501 07:30:04.880" level="INFO">id:new-task</msg>
<status status="PASS" starttime="20230501 07:30:04.879" endtime="20230501 07:30:04.880"></status>
</kw>
<kw name="Wait Until Element Is Visible" library="Selenium2Library">
<doc>Waits until the element ``locator`` is visible.</doc>
<arguments>
<arg>${listdata[${i}]}</arg>
<arg>10s</arg>
</arguments>
<status status="PASS" starttime="20230501 07:30:04.880" endtime="20230501 07:30:04.938"></status>
</kw>
<kw name="Wait Until Page Contains Element" library="Selenium2Library">
<doc>Waits until the element ``locator`` appears on the current page.</doc>
<arguments>
<arg>${listdata[${i}]}</arg>
<arg>10s</arg>
</arguments>
<status status="PASS" starttime="20230501 07:30:04.939" endtime="20230501 07:30:04.955"></status>
</kw>
<status status="PASS" starttime="20230501 07:30:04.879" endtime="20230501 07:30:04.955"></status>
</kw>
<kw name="${i} = 1" type="foritem">
<kw name="Log" library="BuiltIn">
<doc>Logs the given message with the given level.</doc>
<arguments>
<arg>${listdata[${i}]}</arg>
</arguments>
<msg timestamp="20230501 07:30:04.957" level="INFO">//button[contains(.,'add')]</msg>
<status status="PASS" starttime="20230501 07:30:04.956" endtime="20230501 07:30:04.957"></status>
</kw>
<kw name="Wait Until Element Is Visible" library="Selenium2Library">
<doc>Waits until the element ``locator`` is visible.</doc>
<arguments>
<arg>${listdata[${i}]}</arg>
<arg>10s</arg>
</arguments>
<status status="PASS" starttime="20230501 07:30:04.957" endtime="20230501 07:30:05.002"></status>
</kw>
<kw name="Wait Until Page Contains Element" library="Selenium2Library">
<doc>Waits until the element ``locator`` appears on the current page.</doc>
<arguments>
<arg>${listdata[${i}]}</arg>
<arg>10s</arg>
</arguments>
<status status="PASS" starttime="20230501 07:30:05.002" endtime="20230501 07:30:05.021"></status>
</kw>
<status status="PASS" starttime="20230501 07:30:04.956" endtime="20230501 07:30:05.021"></status>
</kw>
<status status="PASS" starttime="20230501 07:30:04.878" endtime="20230501 07:30:05.021"></status>
</kw>
<status status="PASS" starttime="20230501 07:30:04.876" endtime="20230501 07:30:05.021"></status>
</kw>
<kw name="Capture Page Screenshot" library="Selenium2Library">
<doc>Takes a screenshot of the current page and embeds it into a log file.</doc>
<arguments>
<arg>${path_result}/1 Open web and verify home page.png</arg>
</arguments>
<msg timestamp="20230501 07:30:05.140" level="INFO" html="yes">&lt;/td&gt;&lt;/tr&gt;&lt;tr&gt;&lt;td colspan="3"&gt;&lt;a href="../../Resources%5C..%5CResult/1%20Open%20web%20and%20verify%20home%20page.png"&gt;&lt;img src="../../Resources%5C..%5CResult/1%20Open%20web%20and%20verify%20home%20page.png" width="800px"&gt;&lt;/a&gt;</msg>
<status status="PASS" starttime="20230501 07:30:05.022" endtime="20230501 07:30:05.140"></status>
</kw>
<doc>- Title Visible : TO DO LIST 

- Menu Visible : Add Item , TO-DO Tasks , Completed 

- Function add-item Visible : box input , button add 
</doc>
<tags>
<tag>positive</tag>
</tags>
<status status="PASS" starttime="20230501 07:29:59.941" endtime="20230501 07:30:05.141" critical="yes"></status>
</test>
<test id="s1-t2" name="002:Create_Tasks_and_verify_Tasks">
<kw name="Add New Item :" library="Common_Keywords">
<arguments>
<arg>${tesk_1}</arg>
</arguments>
<kw name="Input Text :" library="Common_Keywords">
<arguments>
<arg>${box_input_AddItem}</arg>
<arg>${inputData}</arg>
</arguments>
<kw name="Wait Until Element Is Visible" library="Selenium2Library">
<doc>Waits until the element ``locator`` is visible.</doc>
<arguments>
<arg>${locator}</arg>
<arg>30s</arg>
</arguments>
<status status="PASS" starttime="20230501 07:30:05.152" endtime="20230501 07:30:05.196"></status>
</kw>
<kw name="Input Text" library="Selenium2Library">
<doc>Types the given ``text`` into the text field identified by ``locator``.</doc>
<arguments>
<arg>${locator}</arg>
<arg>${inputData}</arg>
</arguments>
<msg timestamp="20230501 07:30:05.198" level="INFO">Typing text 'ทดสอบระบบ ทู-ดู-ลิส' into text field 'id:new-task'.</msg>
<status status="PASS" starttime="20230501 07:30:05.197" endtime="20230501 07:30:05.415"></status>
</kw>
<status status="PASS" starttime="20230501 07:30:05.150" endtime="20230501 07:30:05.415"></status>
</kw>
<kw name="Click Element :" library="Common_Keywords">
<arguments>
<arg>${button_input_AddItem}</arg>
</arguments>
<kw name="Wait Until Element Is Visible" library="Selenium2Library">
<doc>Waits until the element ``locator`` is visible.</doc>
<arguments>
<arg>${Local}</arg>
<arg>120s</arg>
</arguments>
<status status="PASS" starttime="20230501 07:30:05.416" endtime="20230501 07:30:05.442"></status>
</kw>
<kw name="Wait Until Page Contains Element" library="Selenium2Library">
<doc>Waits until the element ``locator`` appears on the current page.</doc>
<arguments>
<arg>${Local}</arg>
<arg>60s</arg>
</arguments>
<status status="PASS" starttime="20230501 07:30:05.443" endtime="20230501 07:30:05.455"></status>
</kw>
<kw name="Click Element" library="Selenium2Library">
<doc>Click the element identified by ``locator``.</doc>
<arguments>
<arg>${Local}</arg>
</arguments>
<msg timestamp="20230501 07:30:05.456" level="INFO">Clicking element '//button[contains(.,'add')]'.</msg>
<status status="PASS" starttime="20230501 07:30:05.455" endtime="20230501 07:30:05.528"></status>
</kw>
<status status="PASS" starttime="20230501 07:30:05.415" endtime="20230501 07:30:05.528"></status>
</kw>
<status status="PASS" starttime="20230501 07:30:05.148" endtime="20230501 07:30:05.528"></status>
</kw>
<kw name="Add New Item :" library="Common_Keywords">
<arguments>
<arg>${tesk_2}</arg>
</arguments>
<kw name="Input Text :" library="Common_Keywords">
<arguments>
<arg>${box_input_AddItem}</arg>
<arg>${inputData}</arg>
</arguments>
<kw name="Wait Until Element Is Visible" library="Selenium2Library">
<doc>Waits until the element ``locator`` is visible.</doc>
<arguments>
<arg>${locator}</arg>
<arg>30s</arg>
</arguments>
<status status="PASS" starttime="20230501 07:30:05.530" endtime="20230501 07:30:05.562"></status>
</kw>
<kw name="Input Text" library="Selenium2Library">
<doc>Types the given ``text`` into the text field identified by ``locator``.</doc>
<arguments>
<arg>${locator}</arg>
<arg>${inputData}</arg>
</arguments>
<msg timestamp="20230501 07:30:05.563" level="INFO">Typing text 'Test system To-Do-List' into text field 'id:new-task'.</msg>
<status status="PASS" starttime="20230501 07:30:05.563" endtime="20230501 07:30:05.718"></status>
</kw>
<status status="PASS" starttime="20230501 07:30:05.529" endtime="20230501 07:30:05.719"></status>
</kw>
<kw name="Click Element :" library="Common_Keywords">
<arguments>
<arg>${button_input_AddItem}</arg>
</arguments>
<kw name="Wait Until Element Is Visible" library="Selenium2Library">
<doc>Waits until the element ``locator`` is visible.</doc>
<arguments>
<arg>${Local}</arg>
<arg>120s</arg>
</arguments>
<status status="PASS" starttime="20230501 07:30:05.723" endtime="20230501 07:30:05.765"></status>
</kw>
<kw name="Wait Until Page Contains Element" library="Selenium2Library">
<doc>Waits until the element ``locator`` appears on the current page.</doc>
<arguments>
<arg>${Local}</arg>
<arg>60s</arg>
</arguments>
<status status="PASS" starttime="20230501 07:30:05.765" endtime="20230501 07:30:05.777"></status>
</kw>
<kw name="Click Element" library="Selenium2Library">
<doc>Click the element identified by ``locator``.</doc>
<arguments>
<arg>${Local}</arg>
</arguments>
<msg timestamp="20230501 07:30:05.778" level="INFO">Clicking element '//button[contains(.,'add')]'.</msg>
<status status="PASS" starttime="20230501 07:30:05.777" endtime="20230501 07:30:05.830"></status>
</kw>
<status status="PASS" starttime="20230501 07:30:05.720" endtime="20230501 07:30:05.831"></status>
</kw>
<status status="PASS" starttime="20230501 07:30:05.529" endtime="20230501 07:30:05.831"></status>
</kw>
<kw name="Click Element :" library="Common_Keywords">
<arguments>
<arg>${menu_To-DoTasks}</arg>
</arguments>
<kw name="Wait Until Element Is Visible" library="Selenium2Library">
<doc>Waits until the element ``locator`` is visible.</doc>
<arguments>
<arg>${Local}</arg>
<arg>120s</arg>
</arguments>
<status status="PASS" starttime="20230501 07:30:05.832" endtime="20230501 07:30:05.863"></status>
</kw>
<kw name="Wait Until Page Contains Element" library="Selenium2Library">
<doc>Waits until the element ``locator`` appears on the current page.</doc>
<arguments>
<arg>${Local}</arg>
<arg>60s</arg>
</arguments>
<status status="PASS" starttime="20230501 07:30:05.864" endtime="20230501 07:30:05.876"></status>
</kw>
<kw name="Click Element" library="Selenium2Library">
<doc>Click the element identified by ``locator``.</doc>
<arguments>
<arg>${Local}</arg>
</arguments>
<msg timestamp="20230501 07:30:05.877" level="INFO">Clicking element '//a[contains(.,'To-Do Tasks')]'.</msg>
<status status="PASS" starttime="20230501 07:30:05.877" endtime="20230501 07:30:05.968"></status>
</kw>
<status status="PASS" starttime="20230501 07:30:05.831" endtime="20230501 07:30:05.968"></status>
</kw>
<kw name="Verify Tasks in To-Do Tasks :" library="Common_Keywords">
<arguments>
<arg>${tesk_1}</arg>
</arguments>
<kw name="Wait Until Element Is Visible" library="Selenium2Library">
<doc>Waits until the element ``locator`` is visible.</doc>
<arguments>
<arg>//label[contains(.,'${task_name}')]</arg>
</arguments>
<status status="PASS" starttime="20230501 07:30:05.969" endtime="20230501 07:30:06.011"></status>
</kw>
<kw name="Wait Until Page Contains Element" library="Selenium2Library">
<doc>Waits until the element ``locator`` appears on the current page.</doc>
<arguments>
<arg>//label[contains(.,'${task_name}')]</arg>
</arguments>
<status status="PASS" starttime="20230501 07:30:06.011" endtime="20230501 07:30:06.028"></status>
</kw>
<status status="PASS" starttime="20230501 07:30:05.968" endtime="20230501 07:30:06.029"></status>
</kw>
<kw name="Verify Tasks in To-Do Tasks :" library="Common_Keywords">
<arguments>
<arg>${tesk_2}</arg>
</arguments>
<kw name="Wait Until Element Is Visible" library="Selenium2Library">
<doc>Waits until the element ``locator`` is visible.</doc>
<arguments>
<arg>//label[contains(.,'${task_name}')]</arg>
</arguments>
<status status="PASS" starttime="20230501 07:30:06.030" endtime="20230501 07:30:06.073"></status>
</kw>
<kw name="Wait Until Page Contains Element" library="Selenium2Library">
<doc>Waits until the element ``locator`` appears on the current page.</doc>
<arguments>
<arg>//label[contains(.,'${task_name}')]</arg>
</arguments>
<status status="PASS" starttime="20230501 07:30:06.073" endtime="20230501 07:30:06.090"></status>
</kw>
<status status="PASS" starttime="20230501 07:30:06.029" endtime="20230501 07:30:06.091"></status>
</kw>
<kw name="Capture Page Screenshot" library="Selenium2Library">
<doc>Takes a screenshot of the current page and embeds it into a log file.</doc>
<arguments>
<arg>${path_result}/2 Create Tasks.png</arg>
</arguments>
<msg timestamp="20230501 07:30:06.272" level="INFO" html="yes">&lt;/td&gt;&lt;/tr&gt;&lt;tr&gt;&lt;td colspan="3"&gt;&lt;a href="../../Resources%5C..%5CResult/2%20Create%20Tasks.png"&gt;&lt;img src="../../Resources%5C..%5CResult/2%20Create%20Tasks.png" width="800px"&gt;&lt;/a&gt;</msg>
<status status="PASS" starttime="20230501 07:30:06.091" endtime="20230501 07:30:06.272"></status>
</kw>
<doc>- Create tasks 

- Verify tasks : new tasks visible 
</doc>
<tags>
<tag>positive</tag>
</tags>
<status status="PASS" starttime="20230501 07:30:05.145" endtime="20230501 07:30:06.272" critical="yes"></status>
</test>
<test id="s1-t3" name="003:Delete_Tasks_and_Verify_Tasks">
<kw name="Capture Page Screenshot" library="Selenium2Library">
<doc>Takes a screenshot of the current page and embeds it into a log file.</doc>
<arguments>
<arg>${path_result}/3.1 Before Delete Tasks.png</arg>
</arguments>
<msg timestamp="20230501 07:30:06.463" level="INFO" html="yes">&lt;/td&gt;&lt;/tr&gt;&lt;tr&gt;&lt;td colspan="3"&gt;&lt;a href="../../Resources%5C..%5CResult/3.1%20Before%20Delete%20Tasks.png"&gt;&lt;img src="../../Resources%5C..%5CResult/3.1%20Before%20Delete%20Tasks.png" width="800px"&gt;&lt;/a&gt;</msg>
<status status="PASS" starttime="20230501 07:30:06.276" endtime="20230501 07:30:06.463"></status>
</kw>
<kw name="Delete Tasks in To-Do Tasks :" library="Common_Keywords">
<arguments>
<arg>${tesk_1}</arg>
</arguments>
<kw name="Verify Tasks in To-Do Tasks :" library="Common_Keywords">
<arguments>
<arg>${task_name}</arg>
</arguments>
<kw name="Wait Until Element Is Visible" library="Selenium2Library">
<doc>Waits until the element ``locator`` is visible.</doc>
<arguments>
<arg>//label[contains(.,'${task_name}')]</arg>
</arguments>
<status status="PASS" starttime="20230501 07:30:06.466" endtime="20230501 07:30:06.511"></status>
</kw>
<kw name="Wait Until Page Contains Element" library="Selenium2Library">
<doc>Waits until the element ``locator`` appears on the current page.</doc>
<arguments>
<arg>//label[contains(.,'${task_name}')]</arg>
</arguments>
<status status="PASS" starttime="20230501 07:30:06.514" endtime="20230501 07:30:06.535"></status>
</kw>
<status status="PASS" starttime="20230501 07:30:06.465" endtime="20230501 07:30:06.535"></status>
</kw>
<kw name="Get Element Attribute" library="Selenium2Library">
<doc>Returns the value of ``attribute`` from the element ``locator``.</doc>
<arguments>
<arg>//label[contains(.,'${task_name}')]</arg>
<arg>for</arg>
</arguments>
<assign>
<var>${for_value}</var>
</assign>
<msg timestamp="20230501 07:30:06.595" level="INFO">${for_value} = 1</msg>
<status status="PASS" starttime="20230501 07:30:06.536" endtime="20230501 07:30:06.595"></status>
</kw>
<kw name="Log" library="BuiltIn">
<doc>Logs the given message with the given level.</doc>
<arguments>
<arg>${for_value}</arg>
</arguments>
<msg timestamp="20230501 07:30:06.597" level="INFO">1</msg>
<status status="PASS" starttime="20230501 07:30:06.596" endtime="20230501 07:30:06.597"></status>
</kw>
<kw name="Click Element :" library="Common_Keywords">
<arguments>
<arg>//button[contains(@id,'${for_value}')]</arg>
</arguments>
<kw name="Wait Until Element Is Visible" library="Selenium2Library">
<doc>Waits until the element ``locator`` is visible.</doc>
<arguments>
<arg>${Local}</arg>
<arg>120s</arg>
</arguments>
<status status="PASS" starttime="20230501 07:30:06.599" endtime="20230501 07:30:06.675"></status>
</kw>
<kw name="Wait Until Page Contains Element" library="Selenium2Library">
<doc>Waits until the element ``locator`` appears on the current page.</doc>
<arguments>
<arg>${Local}</arg>
<arg>60s</arg>
</arguments>
<status status="PASS" starttime="20230501 07:30:06.676" endtime="20230501 07:30:06.697"></status>
</kw>
<kw name="Click Element" library="Selenium2Library">
<doc>Click the element identified by ``locator``.</doc>
<arguments>
<arg>${Local}</arg>
</arguments>
<msg timestamp="20230501 07:30:06.699" level="INFO">Clicking element '//button[contains(@id,'1')]'.</msg>
<status status="PASS" starttime="20230501 07:30:06.698" endtime="20230501 07:30:06.796"></status>
</kw>
<status status="PASS" starttime="20230501 07:30:06.597" endtime="20230501 07:30:06.797"></status>
</kw>
<kw name="Element Should Not Be Visible :" library="Common_Keywords">
<arguments>
<arg>${task_name}</arg>
</arguments>
<kw name="Wait Until Element Is Not Visible" library="Selenium2Library">
<doc>Waits until the element ``locator`` is not visible.</doc>
<arguments>
<arg>//label[contains(.,'${task_name}')]</arg>
</arguments>
<status status="PASS" starttime="20230501 07:30:06.803" endtime="20230501 07:30:06.825"></status>
</kw>
<kw name="Element Should Not Be Visible" library="Selenium2Library">
<doc>Verifies that the element identified by ``locator`` is NOT visible.</doc>
<arguments>
<arg>//label[contains(.,'${task_name}')]</arg>
</arguments>
<msg timestamp="20230501 07:30:06.846" level="INFO">Element '//label[contains(.,'ทดสอบระบบ ทู-ดู-ลิส')]' did not exist.</msg>
<status status="PASS" starttime="20230501 07:30:06.826" endtime="20230501 07:30:06.847"></status>
</kw>
<kw name="Wait Until Page Does Not Contain Element" library="Selenium2Library">
<doc>Waits until the element ``locator`` disappears from the current page.</doc>
<arguments>
<arg>//label[contains(.,'${task_name}')]</arg>
</arguments>
<status status="PASS" starttime="20230501 07:30:06.847" endtime="20230501 07:30:06.867"></status>
</kw>
<status status="PASS" starttime="20230501 07:30:06.801" endtime="20230501 07:30:06.867"></status>
</kw>
<status status="PASS" starttime="20230501 07:30:06.464" endtime="20230501 07:30:06.868"></status>
</kw>
<kw name="Delete Tasks in To-Do Tasks :" library="Common_Keywords">
<arguments>
<arg>${tesk_2}</arg>
</arguments>
<kw name="Verify Tasks in To-Do Tasks :" library="Common_Keywords">
<arguments>
<arg>${task_name}</arg>
</arguments>
<kw name="Wait Until Element Is Visible" library="Selenium2Library">
<doc>Waits until the element ``locator`` is visible.</doc>
<arguments>
<arg>//label[contains(.,'${task_name}')]</arg>
</arguments>
<status status="PASS" starttime="20230501 07:30:06.872" endtime="20230501 07:30:06.962"></status>
</kw>
<kw name="Wait Until Page Contains Element" library="Selenium2Library">
<doc>Waits until the element ``locator`` appears on the current page.</doc>
<arguments>
<arg>//label[contains(.,'${task_name}')]</arg>
</arguments>
<status status="PASS" starttime="20230501 07:30:06.963" endtime="20230501 07:30:06.981"></status>
</kw>
<status status="PASS" starttime="20230501 07:30:06.870" endtime="20230501 07:30:06.981"></status>
</kw>
<kw name="Get Element Attribute" library="Selenium2Library">
<doc>Returns the value of ``attribute`` from the element ``locator``.</doc>
<arguments>
<arg>//label[contains(.,'${task_name}')]</arg>
<arg>for</arg>
</arguments>
<assign>
<var>${for_value}</var>
</assign>
<msg timestamp="20230501 07:30:07.016" level="INFO">${for_value} = 1</msg>
<status status="PASS" starttime="20230501 07:30:06.982" endtime="20230501 07:30:07.016"></status>
</kw>
<kw name="Log" library="BuiltIn">
<doc>Logs the given message with the given level.</doc>
<arguments>
<arg>${for_value}</arg>
</arguments>
<msg timestamp="20230501 07:30:07.020" level="INFO">1</msg>
<status status="PASS" starttime="20230501 07:30:07.017" endtime="20230501 07:30:07.020"></status>
</kw>
<kw name="Click Element :" library="Common_Keywords">
<arguments>
<arg>//button[contains(@id,'${for_value}')]</arg>
</arguments>
<kw name="Wait Until Element Is Visible" library="Selenium2Library">
<doc>Waits until the element ``locator`` is visible.</doc>
<arguments>
<arg>${Local}</arg>
<arg>120s</arg>
</arguments>
<status status="PASS" starttime="20230501 07:30:07.022" endtime="20230501 07:30:07.079"></status>
</kw>
<kw name="Wait Until Page Contains Element" library="Selenium2Library">
<doc>Waits until the element ``locator`` appears on the current page.</doc>
<arguments>
<arg>${Local}</arg>
<arg>60s</arg>
</arguments>
<status status="PASS" starttime="20230501 07:30:07.079" endtime="20230501 07:30:07.099"></status>
</kw>
<kw name="Click Element" library="Selenium2Library">
<doc>Click the element identified by ``locator``.</doc>
<arguments>
<arg>${Local}</arg>
</arguments>
<msg timestamp="20230501 07:30:07.101" level="INFO">Clicking element '//button[contains(@id,'1')]'.</msg>
<status status="PASS" starttime="20230501 07:30:07.100" endtime="20230501 07:30:07.204"></status>
</kw>
<status status="PASS" starttime="20230501 07:30:07.020" endtime="20230501 07:30:07.205"></status>
</kw>
<kw name="Element Should Not Be Visible :" library="Common_Keywords">
<arguments>
<arg>${task_name}</arg>
</arguments>
<kw name="Wait Until Element Is Not Visible" library="Selenium2Library">
<doc>Waits until the element ``locator`` is not visible.</doc>
<arguments>
<arg>//label[contains(.,'${task_name}')]</arg>
</arguments>
<status status="PASS" starttime="20230501 07:30:07.207" endtime="20230501 07:30:07.230"></status>
</kw>
<kw name="Element Should Not Be Visible" library="Selenium2Library">
<doc>Verifies that the element identified by ``locator`` is NOT visible.</doc>
<arguments>
<arg>//label[contains(.,'${task_name}')]</arg>
</arguments>
<msg timestamp="20230501 07:30:07.246" level="INFO">Element '//label[contains(.,'Test system To-Do-List')]' did not exist.</msg>
<status status="PASS" starttime="20230501 07:30:07.230" endtime="20230501 07:30:07.247"></status>
</kw>
<kw name="Wait Until Page Does Not Contain Element" library="Selenium2Library">
<doc>Waits until the element ``locator`` disappears from the current page.</doc>
<arguments>
<arg>//label[contains(.,'${task_name}')]</arg>
</arguments>
<status status="PASS" starttime="20230501 07:30:07.247" endtime="20230501 07:30:07.267"></status>
</kw>
<status status="PASS" starttime="20230501 07:30:07.205" endtime="20230501 07:30:07.268"></status>
</kw>
<status status="PASS" starttime="20230501 07:30:06.869" endtime="20230501 07:30:07.268"></status>
</kw>
<kw name="Capture Page Screenshot" library="Selenium2Library">
<doc>Takes a screenshot of the current page and embeds it into a log file.</doc>
<arguments>
<arg>${path_result}/3.2 After Delete Tasks in menu TO-DO Tasks.png</arg>
</arguments>
<msg timestamp="20230501 07:30:07.408" level="INFO" html="yes">&lt;/td&gt;&lt;/tr&gt;&lt;tr&gt;&lt;td colspan="3"&gt;&lt;a href="../../Resources%5C..%5CResult/3.2%20After%20Delete%20Tasks%20in%20menu%20TO-DO%20Tasks.png"&gt;&lt;img src="../../Resources%5C..%5CResult/3.2%20After%20Delete%20Tasks%20in%20menu%20TO-DO%20Tasks.png" width="800px"&gt;&lt;/a&gt;</msg>
<status status="PASS" starttime="20230501 07:30:07.268" endtime="20230501 07:30:07.409"></status>
</kw>
<kw name="Click Element :" library="Common_Keywords">
<arguments>
<arg>${menu_Completed}</arg>
</arguments>
<kw name="Wait Until Element Is Visible" library="Selenium2Library">
<doc>Waits until the element ``locator`` is visible.</doc>
<arguments>
<arg>${Local}</arg>
<arg>120s</arg>
</arguments>
<status status="PASS" starttime="20230501 07:30:07.412" endtime="20230501 07:30:07.451"></status>
</kw>
<kw name="Wait Until Page Contains Element" library="Selenium2Library">
<doc>Waits until the element ``locator`` appears on the current page.</doc>
<arguments>
<arg>${Local}</arg>
<arg>60s</arg>
</arguments>
<status status="PASS" starttime="20230501 07:30:07.451" endtime="20230501 07:30:07.471"></status>
</kw>
<kw name="Click Element" library="Selenium2Library">
<doc>Click the element identified by ``locator``.</doc>
<arguments>
<arg>${Local}</arg>
</arguments>
<msg timestamp="20230501 07:30:07.473" level="INFO">Clicking element '//a[contains(.,'Completed')]'.</msg>
<status status="PASS" starttime="20230501 07:30:07.472" endtime="20230501 07:30:07.566"></status>
</kw>
<status status="PASS" starttime="20230501 07:30:07.409" endtime="20230501 07:30:07.567"></status>
</kw>
<kw name="Element Should Not Be Visible :" library="Common_Keywords">
<arguments>
<arg>${tesk_1}</arg>
</arguments>
<kw name="Wait Until Element Is Not Visible" library="Selenium2Library">
<doc>Waits until the element ``locator`` is not visible.</doc>
<arguments>
<arg>//label[contains(.,'${task_name}')]</arg>
</arguments>
<status status="PASS" starttime="20230501 07:30:07.571" endtime="20230501 07:30:07.594"></status>
</kw>
<kw name="Element Should Not Be Visible" library="Selenium2Library">
<doc>Verifies that the element identified by ``locator`` is NOT visible.</doc>
<arguments>
<arg>//label[contains(.,'${task_name}')]</arg>
</arguments>
<msg timestamp="20230501 07:30:07.615" level="INFO">Element '//label[contains(.,'ทดสอบระบบ ทู-ดู-ลิส')]' did not exist.</msg>
<status status="PASS" starttime="20230501 07:30:07.594" endtime="20230501 07:30:07.615"></status>
</kw>
<kw name="Wait Until Page Does Not Contain Element" library="Selenium2Library">
<doc>Waits until the element ``locator`` disappears from the current page.</doc>
<arguments>
<arg>//label[contains(.,'${task_name}')]</arg>
</arguments>
<status status="PASS" starttime="20230501 07:30:07.616" endtime="20230501 07:30:07.638"></status>
</kw>
<status status="PASS" starttime="20230501 07:30:07.569" endtime="20230501 07:30:07.639"></status>
</kw>
<kw name="Element Should Not Be Visible :" library="Common_Keywords">
<arguments>
<arg>${tesk_2}</arg>
</arguments>
<kw name="Wait Until Element Is Not Visible" library="Selenium2Library">
<doc>Waits until the element ``locator`` is not visible.</doc>
<arguments>
<arg>//label[contains(.,'${task_name}')]</arg>
</arguments>
<status status="PASS" starttime="20230501 07:30:07.640" endtime="20230501 07:30:07.667"></status>
</kw>
<kw name="Element Should Not Be Visible" library="Selenium2Library">
<doc>Verifies that the element identified by ``locator`` is NOT visible.</doc>
<arguments>
<arg>//label[contains(.,'${task_name}')]</arg>
</arguments>
<msg timestamp="20230501 07:30:07.688" level="INFO">Element '//label[contains(.,'Test system To-Do-List')]' did not exist.</msg>
<status status="PASS" starttime="20230501 07:30:07.667" endtime="20230501 07:30:07.688"></status>
</kw>
<kw name="Wait Until Page Does Not Contain Element" library="Selenium2Library">
<doc>Waits until the element ``locator`` disappears from the current page.</doc>
<arguments>
<arg>//label[contains(.,'${task_name}')]</arg>
</arguments>
<status status="PASS" starttime="20230501 07:30:07.688" endtime="20230501 07:30:07.712"></status>
</kw>
<status status="PASS" starttime="20230501 07:30:07.639" endtime="20230501 07:30:07.712"></status>
</kw>
<kw name="Capture Page Screenshot" library="Selenium2Library">
<doc>Takes a screenshot of the current page and embeds it into a log file.</doc>
<arguments>
<arg>${path_result}/3.3 After Delete Tasks in menu Completed.png</arg>
</arguments>
<msg timestamp="20230501 07:30:07.877" level="INFO" html="yes">&lt;/td&gt;&lt;/tr&gt;&lt;tr&gt;&lt;td colspan="3"&gt;&lt;a href="../../Resources%5C..%5CResult/3.3%20After%20Delete%20Tasks%20in%20menu%20Completed.png"&gt;&lt;img src="../../Resources%5C..%5CResult/3.3%20After%20Delete%20Tasks%20in%20menu%20Completed.png" width="800px"&gt;&lt;/a&gt;</msg>
<status status="PASS" starttime="20230501 07:30:07.713" endtime="20230501 07:30:07.878"></status>
</kw>
<doc>- Delete tasks in menu TO-DO Tasks 

- Verify tasks : not tasks del in menu TO-DO Tasks and Completed 
</doc>
<tags>
<tag>positive</tag>
</tags>
<status status="PASS" starttime="20230501 07:30:06.274" endtime="20230501 07:30:07.878" critical="yes"></status>
</test>
<test id="s1-t4" name="004:Completed_Tasks_and_verify_Tasks_Completed">
<kw name="Click Element :" library="Common_Keywords">
<arguments>
<arg>${menu_AddItem}</arg>
</arguments>
<kw name="Wait Until Element Is Visible" library="Selenium2Library">
<doc>Waits until the element ``locator`` is visible.</doc>
<arguments>
<arg>${Local}</arg>
<arg>120s</arg>
</arguments>
<status status="PASS" starttime="20230501 07:30:07.890" endtime="20230501 07:30:07.927"></status>
</kw>
<kw name="Wait Until Page Contains Element" library="Selenium2Library">
<doc>Waits until the element ``locator`` appears on the current page.</doc>
<arguments>
<arg>${Local}</arg>
<arg>60s</arg>
</arguments>
<status status="PASS" starttime="20230501 07:30:07.928" endtime="20230501 07:30:07.946"></status>
</kw>
<kw name="Click Element" library="Selenium2Library">
<doc>Click the element identified by ``locator``.</doc>
<arguments>
<arg>${Local}</arg>
</arguments>
<msg timestamp="20230501 07:30:07.948" level="INFO">Clicking element '//a[contains(.,'Add Item')]'.</msg>
<status status="PASS" starttime="20230501 07:30:07.947" endtime="20230501 07:30:08.044"></status>
</kw>
<status status="PASS" starttime="20230501 07:30:07.885" endtime="20230501 07:30:08.045"></status>
</kw>
<kw name="Add New Item :" library="Common_Keywords">
<arguments>
<arg>${tesk_1}</arg>
</arguments>
<kw name="Input Text :" library="Common_Keywords">
<arguments>
<arg>${box_input_AddItem}</arg>
<arg>${inputData}</arg>
</arguments>
<kw name="Wait Until Element Is Visible" library="Selenium2Library">
<doc>Waits until the element ``locator`` is visible.</doc>
<arguments>
<arg>${locator}</arg>
<arg>30s</arg>
</arguments>
<status status="PASS" starttime="20230501 07:30:08.048" endtime="20230501 07:30:08.084"></status>
</kw>
<kw name="Input Text" library="Selenium2Library">
<doc>Types the given ``text`` into the text field identified by ``locator``.</doc>
<arguments>
<arg>${locator}</arg>
<arg>${inputData}</arg>
</arguments>
<msg timestamp="20230501 07:30:08.085" level="INFO">Typing text 'ทดสอบระบบ ทู-ดู-ลิส' into text field 'id:new-task'.</msg>
<status status="PASS" starttime="20230501 07:30:08.084" endtime="20230501 07:30:08.241"></status>
</kw>
<status status="PASS" starttime="20230501 07:30:08.046" endtime="20230501 07:30:08.241"></status>
</kw>
<kw name="Click Element :" library="Common_Keywords">
<arguments>
<arg>${button_input_AddItem}</arg>
</arguments>
<kw name="Wait Until Element Is Visible" library="Selenium2Library">
<doc>Waits until the element ``locator`` is visible.</doc>
<arguments>
<arg>${Local}</arg>
<arg>120s</arg>
</arguments>
<status status="PASS" starttime="20230501 07:30:08.244" endtime="20230501 07:30:08.270"></status>
</kw>
<kw name="Wait Until Page Contains Element" library="Selenium2Library">
<doc>Waits until the element ``locator`` appears on the current page.</doc>
<arguments>
<arg>${Local}</arg>
<arg>60s</arg>
</arguments>
<status status="PASS" starttime="20230501 07:30:08.271" endtime="20230501 07:30:08.281"></status>
</kw>
<kw name="Click Element" library="Selenium2Library">
<doc>Click the element identified by ``locator``.</doc>
<arguments>
<arg>${Local}</arg>
</arguments>
<msg timestamp="20230501 07:30:08.282" level="INFO">Clicking element '//button[contains(.,'add')]'.</msg>
<status status="PASS" starttime="20230501 07:30:08.281" endtime="20230501 07:30:08.326"></status>
</kw>
<status status="PASS" starttime="20230501 07:30:08.242" endtime="20230501 07:30:08.327"></status>
</kw>
<status status="PASS" starttime="20230501 07:30:08.045" endtime="20230501 07:30:08.327"></status>
</kw>
<kw name="Add New Item :" library="Common_Keywords">
<arguments>
<arg>${tesk_2}</arg>
</arguments>
<kw name="Input Text :" library="Common_Keywords">
<arguments>
<arg>${box_input_AddItem}</arg>
<arg>${inputData}</arg>
</arguments>
<kw name="Wait Until Element Is Visible" library="Selenium2Library">
<doc>Waits until the element ``locator`` is visible.</doc>
<arguments>
<arg>${locator}</arg>
<arg>30s</arg>
</arguments>
<status status="PASS" starttime="20230501 07:30:08.329" endtime="20230501 07:30:08.358"></status>
</kw>
<kw name="Input Text" library="Selenium2Library">
<doc>Types the given ``text`` into the text field identified by ``locator``.</doc>
<arguments>
<arg>${locator}</arg>
<arg>${inputData}</arg>
</arguments>
<msg timestamp="20230501 07:30:08.359" level="INFO">Typing text 'Test system To-Do-List' into text field 'id:new-task'.</msg>
<status status="PASS" starttime="20230501 07:30:08.359" endtime="20230501 07:30:08.470"></status>
</kw>
<status status="PASS" starttime="20230501 07:30:08.328" endtime="20230501 07:30:08.470"></status>
</kw>
<kw name="Click Element :" library="Common_Keywords">
<arguments>
<arg>${button_input_AddItem}</arg>
</arguments>
<kw name="Wait Until Element Is Visible" library="Selenium2Library">
<doc>Waits until the element ``locator`` is visible.</doc>
<arguments>
<arg>${Local}</arg>
<arg>120s</arg>
</arguments>
<status status="PASS" starttime="20230501 07:30:08.471" endtime="20230501 07:30:08.497"></status>
</kw>
<kw name="Wait Until Page Contains Element" library="Selenium2Library">
<doc>Waits until the element ``locator`` appears on the current page.</doc>
<arguments>
<arg>${Local}</arg>
<arg>60s</arg>
</arguments>
<status status="PASS" starttime="20230501 07:30:08.498" endtime="20230501 07:30:08.510"></status>
</kw>
<kw name="Click Element" library="Selenium2Library">
<doc>Click the element identified by ``locator``.</doc>
<arguments>
<arg>${Local}</arg>
</arguments>
<msg timestamp="20230501 07:30:08.510" level="INFO">Clicking element '//button[contains(.,'add')]'.</msg>
<status status="PASS" starttime="20230501 07:30:08.510" endtime="20230501 07:30:08.553"></status>
</kw>
<status status="PASS" starttime="20230501 07:30:08.470" endtime="20230501 07:30:08.554"></status>
</kw>
<status status="PASS" starttime="20230501 07:30:08.327" endtime="20230501 07:30:08.554"></status>
</kw>
<kw name="Click Element :" library="Common_Keywords">
<arguments>
<arg>${menu_To-DoTasks}</arg>
</arguments>
<kw name="Wait Until Element Is Visible" library="Selenium2Library">
<doc>Waits until the element ``locator`` is visible.</doc>
<arguments>
<arg>${Local}</arg>
<arg>120s</arg>
</arguments>
<status status="PASS" starttime="20230501 07:30:08.555" endtime="20230501 07:30:08.579"></status>
</kw>
<kw name="Wait Until Page Contains Element" library="Selenium2Library">
<doc>Waits until the element ``locator`` appears on the current page.</doc>
<arguments>
<arg>${Local}</arg>
<arg>60s</arg>
</arguments>
<status status="PASS" starttime="20230501 07:30:08.580" endtime="20230501 07:30:08.591"></status>
</kw>
<kw name="Click Element" library="Selenium2Library">
<doc>Click the element identified by ``locator``.</doc>
<arguments>
<arg>${Local}</arg>
</arguments>
<msg timestamp="20230501 07:30:08.591" level="INFO">Clicking element '//a[contains(.,'To-Do Tasks')]'.</msg>
<status status="PASS" starttime="20230501 07:30:08.591" endtime="20230501 07:30:08.635"></status>
</kw>
<status status="PASS" starttime="20230501 07:30:08.554" endtime="20230501 07:30:08.636"></status>
</kw>
<kw name="Capture Page Screenshot" library="Selenium2Library">
<doc>Takes a screenshot of the current page and embeds it into a log file.</doc>
<arguments>
<arg>${path_result}/4.1 verify Tasks Before Completed.png</arg>
</arguments>
<msg timestamp="20230501 07:30:08.746" level="INFO" html="yes">&lt;/td&gt;&lt;/tr&gt;&lt;tr&gt;&lt;td colspan="3"&gt;&lt;a href="../../Resources%5C..%5CResult/4.1%20verify%20Tasks%20Before%20Completed.png"&gt;&lt;img src="../../Resources%5C..%5CResult/4.1%20verify%20Tasks%20Before%20Completed.png" width="800px"&gt;&lt;/a&gt;</msg>
<status status="PASS" starttime="20230501 07:30:08.636" endtime="20230501 07:30:08.747"></status>
</kw>
<kw name="Completed Tasks in To-Do Tasks :" library="Common_Keywords">
<arguments>
<arg>${tesk_1}</arg>
</arguments>
<kw name="Verify Tasks in To-Do Tasks :" library="Common_Keywords">
<arguments>
<arg>${task_name}</arg>
</arguments>
<kw name="Wait Until Element Is Visible" library="Selenium2Library">
<doc>Waits until the element ``locator`` is visible.</doc>
<arguments>
<arg>//label[contains(.,'${task_name}')]</arg>
</arguments>
<status status="PASS" starttime="20230501 07:30:08.749" endtime="20230501 07:30:08.781"></status>
</kw>
<kw name="Wait Until Page Contains Element" library="Selenium2Library">
<doc>Waits until the element ``locator`` appears on the current page.</doc>
<arguments>
<arg>//label[contains(.,'${task_name}')]</arg>
</arguments>
<status status="PASS" starttime="20230501 07:30:08.782" endtime="20230501 07:30:08.796"></status>
</kw>
<status status="PASS" starttime="20230501 07:30:08.748" endtime="20230501 07:30:08.797"></status>
</kw>
<kw name="Click Element :" library="Common_Keywords">
<arguments>
<arg>//span[contains(.,'${task_name}')]</arg>
</arguments>
<kw name="Wait Until Element Is Visible" library="Selenium2Library">
<doc>Waits until the element ``locator`` is visible.</doc>
<arguments>
<arg>${Local}</arg>
<arg>120s</arg>
</arguments>
<status status="PASS" starttime="20230501 07:30:08.797" endtime="20230501 07:30:08.837"></status>
</kw>
<kw name="Wait Until Page Contains Element" library="Selenium2Library">
<doc>Waits until the element ``locator`` appears on the current page.</doc>
<arguments>
<arg>${Local}</arg>
<arg>60s</arg>
</arguments>
<status status="PASS" starttime="20230501 07:30:08.837" endtime="20230501 07:30:08.853"></status>
</kw>
<kw name="Click Element" library="Selenium2Library">
<doc>Click the element identified by ``locator``.</doc>
<arguments>
<arg>${Local}</arg>
</arguments>
<msg timestamp="20230501 07:30:08.853" level="INFO">Clicking element '//span[contains(.,'ทดสอบระบบ ทู-ดู-ลิส')]'.</msg>
<status status="PASS" starttime="20230501 07:30:08.853" endtime="20230501 07:30:08.951"></status>
</kw>
<status status="PASS" starttime="20230501 07:30:08.797" endtime="20230501 07:30:08.952"></status>
</kw>
<kw name="Wait Until Element Is Not Visible" library="Selenium2Library">
<doc>Waits until the element ``locator`` is not visible.</doc>
<arguments>
<arg>//label[contains(.,'${task_name}')]</arg>
</arguments>
<status status="PASS" starttime="20230501 07:30:08.952" endtime="20230501 07:30:08.968"></status>
</kw>
<kw name="Element Should Not Be Visible" library="Selenium2Library">
<doc>Verifies that the element identified by ``locator`` is NOT visible.</doc>
<arguments>
<arg>//label[contains(.,'${task_name}')]</arg>
</arguments>
<msg timestamp="20230501 07:30:08.987" level="INFO">Element '//label[contains(.,'ทดสอบระบบ ทู-ดู-ลิส')]' did not exist.</msg>
<status status="PASS" starttime="20230501 07:30:08.969" endtime="20230501 07:30:08.988"></status>
</kw>
<status status="PASS" starttime="20230501 07:30:08.747" endtime="20230501 07:30:08.988"></status>
</kw>
<kw name="Completed Tasks in To-Do Tasks :" library="Common_Keywords">
<arguments>
<arg>${tesk_2}</arg>
</arguments>
<kw name="Verify Tasks in To-Do Tasks :" library="Common_Keywords">
<arguments>
<arg>${task_name}</arg>
</arguments>
<kw name="Wait Until Element Is Visible" library="Selenium2Library">
<doc>Waits until the element ``locator`` is visible.</doc>
<arguments>
<arg>//label[contains(.,'${task_name}')]</arg>
</arguments>
<status status="PASS" starttime="20230501 07:30:08.993" endtime="20230501 07:30:09.030"></status>
</kw>
<kw name="Wait Until Page Contains Element" library="Selenium2Library">
<doc>Waits until the element ``locator`` appears on the current page.</doc>
<arguments>
<arg>//label[contains(.,'${task_name}')]</arg>
</arguments>
<status status="PASS" starttime="20230501 07:30:09.030" endtime="20230501 07:30:09.047"></status>
</kw>
<status status="PASS" starttime="20230501 07:30:08.989" endtime="20230501 07:30:09.048"></status>
</kw>
<kw name="Click Element :" library="Common_Keywords">
<arguments>
<arg>//span[contains(.,'${task_name}')]</arg>
</arguments>
<kw name="Wait Until Element Is Visible" library="Selenium2Library">
<doc>Waits until the element ``locator`` is visible.</doc>
<arguments>
<arg>${Local}</arg>
<arg>120s</arg>
</arguments>
<status status="PASS" starttime="20230501 07:30:09.049" endtime="20230501 07:30:09.088"></status>
</kw>
<kw name="Wait Until Page Contains Element" library="Selenium2Library">
<doc>Waits until the element ``locator`` appears on the current page.</doc>
<arguments>
<arg>${Local}</arg>
<arg>60s</arg>
</arguments>
<status status="PASS" starttime="20230501 07:30:09.089" endtime="20230501 07:30:09.106"></status>
</kw>
<kw name="Click Element" library="Selenium2Library">
<doc>Click the element identified by ``locator``.</doc>
<arguments>
<arg>${Local}</arg>
</arguments>
<msg timestamp="20230501 07:30:09.107" level="INFO">Clicking element '//span[contains(.,'Test system To-Do-List')]'.</msg>
<status status="PASS" starttime="20230501 07:30:09.107" endtime="20230501 07:30:09.194"></status>
</kw>
<status status="PASS" starttime="20230501 07:30:09.048" endtime="20230501 07:30:09.194"></status>
</kw>
<kw name="Wait Until Element Is Not Visible" library="Selenium2Library">
<doc>Waits until the element ``locator`` is not visible.</doc>
<arguments>
<arg>//label[contains(.,'${task_name}')]</arg>
</arguments>
<status status="PASS" starttime="20230501 07:30:09.194" endtime="20230501 07:30:09.210"></status>
</kw>
<kw name="Element Should Not Be Visible" library="Selenium2Library">
<doc>Verifies that the element identified by ``locator`` is NOT visible.</doc>
<arguments>
<arg>//label[contains(.,'${task_name}')]</arg>
</arguments>
<msg timestamp="20230501 07:30:09.225" level="INFO">Element '//label[contains(.,'Test system To-Do-List')]' did not exist.</msg>
<status status="PASS" starttime="20230501 07:30:09.210" endtime="20230501 07:30:09.226"></status>
</kw>
<status status="PASS" starttime="20230501 07:30:08.989" endtime="20230501 07:30:09.226"></status>
</kw>
<kw name="Click Element :" library="Common_Keywords">
<arguments>
<arg>${menu_Completed}</arg>
</arguments>
<kw name="Wait Until Element Is Visible" library="Selenium2Library">
<doc>Waits until the element ``locator`` is visible.</doc>
<arguments>
<arg>${Local}</arg>
<arg>120s</arg>
</arguments>
<status status="PASS" starttime="20230501 07:30:09.228" endtime="20230501 07:30:09.264"></status>
</kw>
<kw name="Wait Until Page Contains Element" library="Selenium2Library">
<doc>Waits until the element ``locator`` appears on the current page.</doc>
<arguments>
<arg>${Local}</arg>
<arg>60s</arg>
</arguments>
<status status="PASS" starttime="20230501 07:30:09.264" endtime="20230501 07:30:09.281"></status>
</kw>
<kw name="Click Element" library="Selenium2Library">
<doc>Click the element identified by ``locator``.</doc>
<arguments>
<arg>${Local}</arg>
</arguments>
<msg timestamp="20230501 07:30:09.282" level="INFO">Clicking element '//a[contains(.,'Completed')]'.</msg>
<status status="PASS" starttime="20230501 07:30:09.281" endtime="20230501 07:30:09.346"></status>
</kw>
<status status="PASS" starttime="20230501 07:30:09.227" endtime="20230501 07:30:09.347"></status>
</kw>
<kw name="Verify Tasks in Completed :" library="Common_Keywords">
<arguments>
<arg>${tesk_1}</arg>
</arguments>
<kw name="Wait Until Element Is Visible" library="Selenium2Library">
<doc>Waits until the element ``locator`` is visible.</doc>
<arguments>
<arg>//span[contains(.,'done${task_name}')]</arg>
</arguments>
<status status="PASS" starttime="20230501 07:30:09.349" endtime="20230501 07:30:09.398"></status>
</kw>
<kw name="Wait Until Page Contains Element" library="Selenium2Library">
<doc>Waits until the element ``locator`` appears on the current page.</doc>
<arguments>
<arg>//span[contains(.,'done${task_name}')]</arg>
</arguments>
<status status="PASS" starttime="20230501 07:30:09.399" endtime="20230501 07:30:09.416"></status>
</kw>
<status status="PASS" starttime="20230501 07:30:09.347" endtime="20230501 07:30:09.417"></status>
</kw>
<kw name="Verify Tasks in Completed :" library="Common_Keywords">
<arguments>
<arg>${tesk_2}</arg>
</arguments>
<kw name="Wait Until Element Is Visible" library="Selenium2Library">
<doc>Waits until the element ``locator`` is visible.</doc>
<arguments>
<arg>//span[contains(.,'done${task_name}')]</arg>
</arguments>
<status status="PASS" starttime="20230501 07:30:09.419" endtime="20230501 07:30:09.469"></status>
</kw>
<kw name="Wait Until Page Contains Element" library="Selenium2Library">
<doc>Waits until the element ``locator`` appears on the current page.</doc>
<arguments>
<arg>//span[contains(.,'done${task_name}')]</arg>
</arguments>
<status status="PASS" starttime="20230501 07:30:09.469" endtime="20230501 07:30:09.486"></status>
</kw>
<status status="PASS" starttime="20230501 07:30:09.417" endtime="20230501 07:30:09.486"></status>
</kw>
<kw name="Capture Page Screenshot" library="Selenium2Library">
<doc>Takes a screenshot of the current page and embeds it into a log file.</doc>
<arguments>
<arg>${path_result}/4.2 verify Tasks Completed.png</arg>
</arguments>
<msg timestamp="20230501 07:30:09.653" level="INFO" html="yes">&lt;/td&gt;&lt;/tr&gt;&lt;tr&gt;&lt;td colspan="3"&gt;&lt;a href="../../Resources%5C..%5CResult/4.2%20verify%20Tasks%20Completed.png"&gt;&lt;img src="../../Resources%5C..%5CResult/4.2%20verify%20Tasks%20Completed.png" width="800px"&gt;&lt;/a&gt;</msg>
<status status="PASS" starttime="20230501 07:30:09.486" endtime="20230501 07:30:09.653"></status>
</kw>
<doc>- Completed tasks in menu TO-DO Tasks 

- verify tasks completed : not tasks in menu TO-DO Tasks and task move menu Completed 
</doc>
<tags>
<tag>positive</tag>
</tags>
<status status="PASS" starttime="20230501 07:30:07.881" endtime="20230501 07:30:09.654" critical="yes"></status>
</test>
<test id="s1-t5" name="005:Clear_All_Tasks_Completed">
<kw name="Capture Page Screenshot" library="Selenium2Library">
<doc>Takes a screenshot of the current page and embeds it into a log file.</doc>
<arguments>
<arg>${path_result}/5.1 Verify Tasks Completed.png</arg>
</arguments>
<msg timestamp="20230501 07:30:09.788" level="INFO" html="yes">&lt;/td&gt;&lt;/tr&gt;&lt;tr&gt;&lt;td colspan="3"&gt;&lt;a href="../../Resources%5C..%5CResult/5.1%20Verify%20Tasks%20Completed.png"&gt;&lt;img src="../../Resources%5C..%5CResult/5.1%20Verify%20Tasks%20Completed.png" width="800px"&gt;&lt;/a&gt;</msg>
<status status="PASS" starttime="20230501 07:30:09.661" endtime="20230501 07:30:09.788"></status>
</kw>
<kw name="Clear All Tasks Completed" library="Common_Keywords">
<kw name="Get WebElements" library="Selenium2Library">
<doc>Returns a list of WebElement objects matching the ``locator``.</doc>
<arguments>
<arg>//button[starts-with(@id, '')]</arg>
</arguments>
<assign>
<var>@{elements}</var>
</assign>
<msg timestamp="20230501 07:30:09.813" level="INFO">@{elements} = [ &lt;selenium.webdriver.remote.webelement.WebElement (session="c83420ed875441447b82ed3bd338d332", element="a5ab1975-5bb5-4303-a904-1437947f619c")&gt; | &lt;selenium.webdriver.remote.webelement.WebElement (ses...</msg>
<status status="PASS" starttime="20230501 07:30:09.789" endtime="20230501 07:30:09.813"></status>
</kw>
<kw name="Evaluate" library="BuiltIn">
<doc>Evaluates the given expression in Python and returns the result.</doc>
<arguments>
<arg>[elem.get_attribute('id') for elem in $elements]</arg>
</arguments>
<assign>
<var>@{ids}</var>
</assign>
<msg timestamp="20230501 07:30:09.857" level="INFO">@{ids} = [  | 1 | 2 ]</msg>
<status status="PASS" starttime="20230501 07:30:09.813" endtime="20230501 07:30:09.857"></status>
</kw>
<kw name="Log" library="BuiltIn">
<doc>Logs the given message with the given level.</doc>
<arguments>
<arg>${ids}</arg>
</arguments>
<msg timestamp="20230501 07:30:09.858" level="INFO">['', '1', '2']</msg>
<status status="PASS" starttime="20230501 07:30:09.858" endtime="20230501 07:30:09.859"></status>
</kw>
<kw name="Get Length" library="BuiltIn">
<doc>Returns and logs the length of the given item as an integer.</doc>
<arguments>
<arg>${ids}</arg>
</arguments>
<assign>
<var>${Length}</var>
</assign>
<msg timestamp="20230501 07:30:09.859" level="INFO">Length is 3</msg>
<msg timestamp="20230501 07:30:09.860" level="INFO">${Length} = 3</msg>
<status status="PASS" starttime="20230501 07:30:09.859" endtime="20230501 07:30:09.860"></status>
</kw>
<kw name="Evaluate" library="BuiltIn">
<doc>Evaluates the given expression in Python and returns the result.</doc>
<arguments>
<arg>${Length} - 1</arg>
</arguments>
<assign>
<var>${Length}</var>
</assign>
<msg timestamp="20230501 07:30:09.861" level="INFO">${Length} = 2</msg>
<status status="PASS" starttime="20230501 07:30:09.860" endtime="20230501 07:30:09.861"></status>
</kw>
<kw name="${i} IN RANGE [ ${Length} ]" type="for">
<kw name="${i} = 0" type="foritem">
<kw name="Set Variable" library="BuiltIn">
<doc>Returns the given values which can then be assigned to a variables.</doc>
<arguments>
<arg>1</arg>
</arguments>
<assign>
<var>${x}</var>
</assign>
<msg timestamp="20230501 07:30:09.862" level="INFO">${x} = 1</msg>
<status status="PASS" starttime="20230501 07:30:09.862" endtime="20230501 07:30:09.862"></status>
</kw>
<kw name="Log" library="BuiltIn">
<doc>Logs the given message with the given level.</doc>
<arguments>
<arg>${ids[${x}]}</arg>
</arguments>
<msg timestamp="20230501 07:30:09.863" level="INFO">1</msg>
<status status="PASS" starttime="20230501 07:30:09.862" endtime="20230501 07:30:09.863"></status>
</kw>
<kw name="Wait Until Element Is Visible" library="Selenium2Library">
<doc>Waits until the element ``locator`` is visible.</doc>
<arguments>
<arg>${ids[${x}]}</arg>
<arg>10s</arg>
</arguments>
<status status="PASS" starttime="20230501 07:30:09.863" endtime="20230501 07:30:09.904"></status>
</kw>
<kw name="Wait Until Page Contains Element" library="Selenium2Library">
<doc>Waits until the element ``locator`` appears on the current page.</doc>
<arguments>
<arg>${ids[${x}]}</arg>
<arg>10s</arg>
</arguments>
<status status="PASS" starttime="20230501 07:30:09.905" endtime="20230501 07:30:09.920"></status>
</kw>
<kw name="Click Element :" library="Common_Keywords">
<arguments>
<arg>//button[contains(@id,'${ids[${x}]}')]</arg>
</arguments>
<kw name="Wait Until Element Is Visible" library="Selenium2Library">
<doc>Waits until the element ``locator`` is visible.</doc>
<arguments>
<arg>${Local}</arg>
<arg>120s</arg>
</arguments>
<status status="PASS" starttime="20230501 07:30:09.921" endtime="20230501 07:30:09.951"></status>
</kw>
<kw name="Wait Until Page Contains Element" library="Selenium2Library">
<doc>Waits until the element ``locator`` appears on the current page.</doc>
<arguments>
<arg>${Local}</arg>
<arg>60s</arg>
</arguments>
<status status="PASS" starttime="20230501 07:30:09.951" endtime="20230501 07:30:09.965"></status>
</kw>
<kw name="Click Element" library="Selenium2Library">
<doc>Click the element identified by ``locator``.</doc>
<arguments>
<arg>${Local}</arg>
</arguments>
<msg timestamp="20230501 07:30:09.967" level="INFO">Clicking element '//button[contains(@id,'1')]'.</msg>
<status status="PASS" starttime="20230501 07:30:09.966" endtime="20230501 07:30:10.043"></status>
</kw>
<status status="PASS" starttime="20230501 07:30:09.920" endtime="20230501 07:30:10.044"></status>
</kw>
<status status="PASS" starttime="20230501 07:30:09.862" endtime="20230501 07:30:10.044"></status>
</kw>
<kw name="${i} = 1" type="foritem">
<kw name="Set Variable" library="BuiltIn">
<doc>Returns the given values which can then be assigned to a variables.</doc>
<arguments>
<arg>1</arg>
</arguments>
<assign>
<var>${x}</var>
</assign>
<msg timestamp="20230501 07:30:10.045" level="INFO">${x} = 1</msg>
<status status="PASS" starttime="20230501 07:30:10.045" endtime="20230501 07:30:10.045"></status>
</kw>
<kw name="Log" library="BuiltIn">
<doc>Logs the given message with the given level.</doc>
<arguments>
<arg>${ids[${x}]}</arg>
</arguments>
<msg timestamp="20230501 07:30:10.046" level="INFO">1</msg>
<status status="PASS" starttime="20230501 07:30:10.045" endtime="20230501 07:30:10.047"></status>
</kw>
<kw name="Wait Until Element Is Visible" library="Selenium2Library">
<doc>Waits until the element ``locator`` is visible.</doc>
<arguments>
<arg>${ids[${x}]}</arg>
<arg>10s</arg>
</arguments>
<status status="PASS" starttime="20230501 07:30:10.047" endtime="20230501 07:30:10.078"></status>
</kw>
<kw name="Wait Until Page Contains Element" library="Selenium2Library">
<doc>Waits until the element ``locator`` appears on the current page.</doc>
<arguments>
<arg>${ids[${x}]}</arg>
<arg>10s</arg>
</arguments>
<status status="PASS" starttime="20230501 07:30:10.078" endtime="20230501 07:30:10.091"></status>
</kw>
<kw name="Click Element :" library="Common_Keywords">
<arguments>
<arg>//button[contains(@id,'${ids[${x}]}')]</arg>
</arguments>
<kw name="Wait Until Element Is Visible" library="Selenium2Library">
<doc>Waits until the element ``locator`` is visible.</doc>
<arguments>
<arg>${Local}</arg>
<arg>120s</arg>
</arguments>
<status status="PASS" starttime="20230501 07:30:10.092" endtime="20230501 07:30:10.116"></status>
</kw>
<kw name="Wait Until Page Contains Element" library="Selenium2Library">
<doc>Waits until the element ``locator`` appears on the current page.</doc>
<arguments>
<arg>${Local}</arg>
<arg>60s</arg>
</arguments>
<status status="PASS" starttime="20230501 07:30:10.116" endtime="20230501 07:30:10.127"></status>
</kw>
<kw name="Click Element" library="Selenium2Library">
<doc>Click the element identified by ``locator``.</doc>
<arguments>
<arg>${Local}</arg>
</arguments>
<msg timestamp="20230501 07:30:10.127" level="INFO">Clicking element '//button[contains(@id,'1')]'.</msg>
<status status="PASS" starttime="20230501 07:30:10.127" endtime="20230501 07:30:10.189"></status>
</kw>
<status status="PASS" starttime="20230501 07:30:10.091" endtime="20230501 07:30:10.190"></status>
</kw>
<status status="PASS" starttime="20230501 07:30:10.044" endtime="20230501 07:30:10.190"></status>
</kw>
<status status="PASS" starttime="20230501 07:30:09.861" endtime="20230501 07:30:10.190"></status>
</kw>
<kw name="Element Should Not Be Visible" library="Selenium2Library">
<doc>Verifies that the element identified by ``locator`` is NOT visible.</doc>
<arguments>
<arg>${btn_del_completed}</arg>
</arguments>
<msg timestamp="20230501 07:30:10.202" level="INFO">Element '//button[contains(@id,'1')]' did not exist.</msg>
<status status="PASS" starttime="20230501 07:30:10.190" endtime="20230501 07:30:10.202"></status>
</kw>
<kw name="Wait Until Page Does Not Contain Element" library="Selenium2Library">
<doc>Waits until the element ``locator`` disappears from the current page.</doc>
<arguments>
<arg>${btn_del_completed}</arg>
</arguments>
<status status="PASS" starttime="20230501 07:30:10.202" endtime="20230501 07:30:10.213"></status>
</kw>
<status status="PASS" starttime="20230501 07:30:09.788" endtime="20230501 07:30:10.214"></status>
</kw>
<kw name="Capture Page Screenshot" library="Selenium2Library">
<doc>Takes a screenshot of the current page and embeds it into a log file.</doc>
<arguments>
<arg>${path_result}/5.2 Delete Tasks Completed.png</arg>
</arguments>
<msg timestamp="20230501 07:30:10.301" level="INFO" html="yes">&lt;/td&gt;&lt;/tr&gt;&lt;tr&gt;&lt;td colspan="3"&gt;&lt;a href="../../Resources%5C..%5CResult/5.2%20Delete%20Tasks%20Completed.png"&gt;&lt;img src="../../Resources%5C..%5CResult/5.2%20Delete%20Tasks%20Completed.png" width="800px"&gt;&lt;/a&gt;</msg>
<status status="PASS" starttime="20230501 07:30:10.214" endtime="20230501 07:30:10.301"></status>
</kw>
<doc>- Clear all tasks completed : not task menu completed
</doc>
<tags>
<tag>positive</tag>
</tags>
<status status="PASS" starttime="20230501 07:30:09.656" endtime="20230501 07:30:10.301" critical="yes"></status>
</test>
<metadata>
<item name="Version 1.0.0"></item>
</metadata>
<status status="PASS" starttime="20230501 07:29:59.351" endtime="20230501 07:30:10.304"></status>
</suite>
<statistics>
<total>
<stat pass="5" fail="0">Critical Tests</stat>
<stat pass="5" fail="0">All Tests</stat>
</total>
<tag>
<stat pass="5" fail="0">positive</stat>
</tag>
<suite>
<stat pass="5" fail="0" id="s1" name="Test-script-To-Do-List">Test-script-To-Do-List</stat>
</suite>
</statistics>
<errors>
</errors>
</robot>
